\BOOKMARK [1][-]{Abstract.1}{Abstract}{}% 1
\BOOKMARK [1][-]{Zusammenfassung.1}{Zusammenfassung}{}% 2
\BOOKMARK [1][-]{acknowledgments.1}{Acknowledgments}{}% 3
\BOOKMARK [1][-]{tableofcontents.1}{Inhaltsverzeichnis}{}% 4
\BOOKMARK [0][]{chapter.1}{1 Einleitung}{}% 5
\BOOKMARK [0][]{chapter.2}{2 Theoretische Grundladen}{}% 6
\BOOKMARK [1][-]{section.2.1}{2.1 Graphen Theorie}{chapter.2}% 7
\BOOKMARK [1][-]{section.2.2}{2.2 Feature Space}{chapter.2}% 8
\BOOKMARK [1][-]{section.2.3}{2.3 Das Multicut Problem}{chapter.2}% 9
\BOOKMARK [1][-]{section.2.4}{2.4 Loss Funktionen}{chapter.2}% 10
\BOOKMARK [2][-]{subsection.2.4.1}{2.4.1 Partition Hamming}{section.2.4}% 11
\BOOKMARK [2][-]{subsection.2.4.2}{2.4.2 Variation of Information}{section.2.4}% 12
\BOOKMARK [1][-]{section.2.5}{2.5 Structured Learning}{chapter.2}% 13
\BOOKMARK [2][-]{subsection.2.5.1}{2.5.1 Subgradient Descent}{section.2.5}% 14
\BOOKMARK [2][-]{subsection.2.5.2}{2.5.2 Stochastic Gradient}{section.2.5}% 15
\BOOKMARK [0][]{chapter.3}{3 Experimentelles Setup}{}% 16
\BOOKMARK [1][-]{section.3.1}{3.1 Trainings- und Testdaten}{chapter.3}% 17
\BOOKMARK [1][-]{section.3.2}{3.2 Feature Space}{chapter.3}% 18
\BOOKMARK [-1][]{part.1}{Appendix}{}% 19
\BOOKMARK [0][]{appendix.A}{A Appendix Test}{part.1}% 20
\BOOKMARK [0][]{dummy.2}{Literaturverzeichnis}{part.1}% 21
\BOOKMARK [0][]{declaration.0}{Declaration}{part.1}% 22
